<?xml version="1.0" encoding="UTF-8"?>
<!-- Generated by org.testng.reporters.JUnitReportReporter -->
<testsuite skipped="0" hostname="LAPTOP-NVJP9VFI" name="orangee.Invalidpassword" tests="1" failures="0" timestamp="2020-04-02T02:18:18 IST" time="42.336" errors="0">
  <testcase name="case2" time="42.336" classname="orangee.Invalidpassword"/>
</testsuite> <!-- orangee.Invalidpassword -->
