<?xml version="1.0" encoding="UTF-8"?>
<!-- Generated by org.testng.reporters.JUnitReportReporter -->
<testsuite skipped="0" hostname="LAPTOP-NVJP9VFI" name="orangee.BothInvalid" tests="1" failures="0" timestamp="2020-04-01T03:23:07 IST" time="21.058" errors="0">
  <testcase name="case3" time="21.058" classname="orangee.BothInvalid"/>
</testsuite> <!-- orangee.BothInvalid -->
