<?xml version="1.0" encoding="UTF-8"?>
<!-- Generated by org.testng.reporters.JUnitReportReporter -->
<testsuite skipped="0" hostname="LAPTOP-NVJP9VFI" name="orangee.DataProviderr" tests="4" failures="0" timestamp="2020-04-02T02:56:51 IST" time="68.506" errors="0">
  <testcase name="main" time="23.209" classname="orangee.DataProviderr"/>
  <testcase name="main" time="18.589" classname="orangee.DataProviderr"/>
  <testcase name="main" time="12.405" classname="orangee.DataProviderr"/>
  <testcase name="main" time="14.303" classname="orangee.DataProviderr"/>
</testsuite> <!-- orangee.DataProviderr -->
