<?xml version="1.0" encoding="UTF-8"?>
<!-- Generated by org.testng.reporters.JUnitReportReporter -->
<testsuite skipped="0" hostname="LAPTOP-NVJP9VFI" name="orangee.Loginpagee" tests="1" failures="0" timestamp="2020-04-07T02:55:04 IST" time="34.990" errors="0">
  <testcase name="login" time="34.990" classname="orangee.Loginpagee"/>
</testsuite> <!-- orangee.Loginpagee -->
