<?xml version="1.0" encoding="UTF-8"?>
<!-- Generated by org.testng.reporters.JUnitReportReporter -->
<testsuite skipped="0" hostname="LAPTOP-NVJP9VFI" name="orangee.AddEmployee" tests="1" failures="0" timestamp="2020-04-06T05:26:03 IST" time="44.412" errors="0">
  <testcase name="addUser" time="44.412" classname="orangee.AddEmployee"/>
</testsuite> <!-- orangee.AddEmployee -->
