<?xml version="1.0" encoding="UTF-8"?>
<!-- Generated by org.testng.reporters.JUnitReportReporter -->
<testsuite skipped="0" hostname="LAPTOP-NVJP9VFI" name="orangee.DatafromExcel" tests="4" failures="0" timestamp="2020-04-02T04:38:49 IST" time="75.631" errors="0">
  <testcase name="main" time="14.888" classname="orangee.DatafromExcel"/>
  <testcase name="main" time="22.859" classname="orangee.DatafromExcel"/>
  <testcase name="main" time="16.727" classname="orangee.DatafromExcel"/>
  <testcase name="main" time="21.157" classname="orangee.DatafromExcel"/>
</testsuite> <!-- orangee.DatafromExcel -->
