<?xml version="1.0" encoding="UTF-8"?>
<!-- Generated by org.testng.reporters.JUnitReportReporter -->
<testsuite skipped="0" hostname="LAPTOP-NVJP9VFI" name="orangee.BothValid" tests="1" failures="0" timestamp="2020-04-01T03:23:07 IST" time="19.234" errors="0">
  <testcase name="case4" time="19.234" classname="orangee.BothValid"/>
</testsuite> <!-- orangee.BothValid -->
