<?xml version="1.0" encoding="UTF-8"?>
<!-- Generated by org.testng.reporters.JUnitReportReporter -->
<testsuite skipped="0" hostname="LAPTOP-NVJP9VFI" name="sbeexam1.FlightSearch" tests="1" failures="0" timestamp="2020-04-08T02:40:55 IST" time="29.488" errors="0">
  <testcase name="flight" time="29.488" classname="sbeexam1.FlightSearch"/>
</testsuite> <!-- sbeexam1.FlightSearch -->
