<?xml version="1.0" encoding="UTF-8"?>
<!-- Generated by org.testng.reporters.JUnitReportReporter -->
<testsuite skipped="0" hostname="LAPTOP-NVJP9VFI" name="sbeexam1.Flightsearchtestng" tests="1" failures="0" timestamp="2020-04-08T06:43:10 IST" time="37.599" errors="0">
  <testcase name="main" time="37.599" classname="sbeexam1.Flightsearchtestng"/>
</testsuite> <!-- sbeexam1.Flightsearchtestng -->
