<?xml version="1.0" encoding="UTF-8"?>
<!-- Generated by org.testng.reporters.JUnitReportReporter -->
<testsuite skipped="0" hostname="LAPTOP-NVJP9VFI" name="orangee.Invalidusername" tests="1" failures="0" timestamp="2020-04-01T03:23:07 IST" time="22.496" errors="0">
  <testcase name="case1" time="22.496" classname="orangee.Invalidusername"/>
</testsuite> <!-- orangee.Invalidusername -->
